Ladder match: 20 games per skill, 2.0s/move, threads=4
Levels: [5, 8, 12, 16]

== SF Skill 5 ==
  Game  1/20  (W)  W   97 plies  running 1.0/1
  Game  2/20  (B)  W  114 plies  running 2.0/2
  Game  3/20  (W)  W   55 plies  running 3.0/3
  Game  4/20  (B)  W   64 plies  running 4.0/4
  Game  5/20  (W)  D  109 plies  running 4.5/5
  Game  6/20  (B)  W   60 plies  running 5.5/6
  Game  7/20  (W)  W   61 plies  running 6.5/7
  Game  8/20  (B)  W  152 plies  running 7.5/8
  Game  9/20  (W)  W   75 plies  running 8.5/9
  Game 10/20  (B)  W   58 plies  running 9.5/10
  Game 11/20  (W)  W   79 plies  running 10.5/11
  Game 12/20  (B)  D  109 plies  running 11.0/12
  Game 13/20  (W)  W   57 plies  running 12.0/13
  Game 14/20  (B)  W   88 plies  running 13.0/14
  Game 15/20  (W)  W   61 plies  running 14.0/15
  Game 16/20  (B)  D  165 plies  running 14.5/16
  Game 17/20  (W)  W   51 plies  running 15.5/17
  Game 18/20  (B)  W  104 plies  running 16.5/18
  Game 19/20  (W)  W   95 plies  running 17.5/19
  Game 20/20  (B)  W   82 plies  running 18.5/20
  Final 18.5/20  (92%)  ≈ +436 elo vs SF skill 5

== SF Skill 8 ==
  Game  1/20  (W)  L  190 plies  running 0.0/1
  Game  2/20  (B)  W  110 plies  running 1.0/2
  Game  3/20  (W)  W  131 plies  running 2.0/3
  Game  4/20  (B)  W   86 plies  running 3.0/4
  Game  5/20  (W)  W   81 plies  running 4.0/5
  Game  6/20  (B)  D  123 plies  running 4.5/6
  Game  7/20  (W)  W   89 plies  running 5.5/7
  Game  8/20  (B)  D  200 plies  running 6.0/8
  Game  9/20  (W)  W   87 plies  running 7.0/9
  Game 10/20  (B)  L  105 plies  running 7.0/10
  Game 11/20  (W)  D  183 plies  running 7.5/11
  Game 12/20  (B)  D  165 plies  running 8.0/12
  Game 13/20  (W)  L  214 plies  running 8.0/13
  Game 14/20  (B)  W  118 plies  running 9.0/14
  Game 15/20  (W)  W  123 plies  running 10.0/15
  Game 16/20  (B)  L  189 plies  running 10.0/16
  Game 17/20  (W)  D  144 plies  running 10.5/17
  Game 18/20  (B)  W  104 plies  running 11.5/18
  Game 19/20  (W)  L  194 plies  running 11.5/19
  Game 20/20  (B)  W  162 plies  running 12.5/20
  Final 12.5/20  (62%)  ≈ +89 elo vs SF skill 8

== SF Skill 12 ==
  Game  1/20  (W)  D  301 plies  running 0.5/1
  Game  2/20  (B)  L  219 plies  running 0.5/2
  Game  3/20  (W)  D  185 plies  running 1.0/3
  Game  4/20  (B)  L  113 plies  running 1.0/4
  Game  5/20  (W)  D  107 plies  running 1.5/5
  Game  6/20  (B)  D   62 plies  running 2.0/6
  Game  7/20  (W)  L  194 plies  running 2.0/7
  Game  8/20  (B)  L  189 plies  running 2.0/8
  Game  9/20  (W)  L  206 plies  running 2.0/9
  Game 10/20  (B)  D  108 plies  running 2.5/10
  Game 11/20  (W)  L  190 plies  running 2.5/11
  Game 12/20  (B)  L  179 plies  running 2.5/12
  Game 13/20  (W)  W  153 plies  running 3.5/13
  Game 14/20  (B)  L  231 plies  running 3.5/14
  Game 15/20  (W)  L  166 plies  running 3.5/15
  Game 16/20  (B)  L  105 plies  running 3.5/16
  Game 17/20  (W)  D   97 plies  running 4.0/17
  Game 18/20  (B)  L   83 plies  running 4.0/18
  Game 19/20  (W)  D  169 plies  running 4.5/19
  Game 20/20  (B)  D   88 plies  running 5.0/20
  Final 5.0/20  (25%)  ≈ -191 elo vs SF skill 12

== SF Skill 16 ==
  Game  1/20  (W)  D  149 plies  running 0.5/1
  Game  2/20  (B)  L  153 plies  running 0.5/2
  Game  3/20  (W)  D   91 plies  running 1.0/3
  Game  4/20  (B)  L  153 plies  running 1.0/4
  Game  5/20  (W)  D   93 plies  running 1.5/5
  Game  6/20  (B)  L  149 plies  running 1.5/6
  Game  7/20  (W)  D  119 plies  running 2.0/7
  Game  8/20  (B)  L  247 plies  running 2.0/8
  Game  9/20  (W)  D  111 plies  running 2.5/9
  Game 10/20  (B)  L  205 plies  running 2.5/10
  Game 11/20  (W)  L  162 plies  running 2.5/11
  Game 12/20  (B)  L  115 plies  running 2.5/12
  Game 13/20  (W)  L   66 plies  running 2.5/13
  Game 14/20  (B)  L  133 plies  running 2.5/14
  Game 15/20  (W)  L  168 plies  running 2.5/15
  Game 16/20  (B)  D  166 plies  running 3.0/16
  Game 17/20  (W)  L  164 plies  running 3.0/17
  Game 18/20  (B)  L   83 plies  running 3.0/18
  Game 19/20  (W)  L  134 plies  running 3.0/19
  Game 20/20  (B)  L  157 plies  running 3.0/20
  Final 3.0/20  (15%)  ≈ -301 elo vs SF skill 16

== FINAL LADDER ==
  SF skill  5: 18.5/20  (92%)  ≈ +436 elo
  SF skill  8: 12.5/20  (62%)  ≈ +89 elo
  SF skill 12: 5.0/20  (25%)  ≈ -191 elo
  SF skill 16: 3.0/20  (15%)  ≈ -301 elo

Total wall time: 289.1 min
